#
# There is insufficient memory for the Java Runtime Environment to continue.
# Native memory allocation (mmap) failed to map 132120576 bytes for Failed to commit area from 0x0000000083400000 to 0x000000008b200000 of length 132120576.
# Possible reasons:
#   The system is out of physical RAM or swap space
#   The process is running with CompressedOops enabled, and the Java Heap may be blocking the growth of the native heap
# Possible solutions:
#   Reduce memory load on the system
#   Increase physical memory or swap space
#   Check if swap backing store is full
#   Decrease Java heap size (-Xmx/-Xms)
#   Decrease number of Java threads
#   Decrease Java thread stack sizes (-Xss)
#   Set larger code cache with -XX:ReservedCodeCacheSize=
# This output file may be truncated or incomplete.
#
#  Out of Memory Error (./open/src/hotspot/os/windows/os_windows.cpp:3298), pid=13160, tid=1512
#
# JRE version:  (11.0.21+9) (build )
# Java VM: Java HotSpot(TM) 64-Bit Server VM (11.0.21+9-LTS-193, mixed mode, sharing, tiered, compressed oops, g1 gc, windows-amd64)
# No core dump will be written. Minidumps are not enabled by default on client versions of Windows
#

---------------  S U M M A R Y ------------

Command Line: -Dfile.encoding=UTF-8 --module-path=C:\Users\prave\OneDrive\Documents\NetBeansProjects\Employee Management System\build\classes employee.management.system.Splash

Host: Intel(R) Core(TM) i3-10110U CPU @ 2.10GHz, 4 cores, 7G,  Windows 11 , 64 bit Build 22621 (10.0.22621.3672)
Time: Sun Jul  7 20:40:43 2024 India Standard Time elapsed time: 0.034456 seconds (0d 0h 0m 0s)

---------------  T H R E A D  ---------------

Current thread (0x00000207bb813000):  JavaThread "Unknown thread" [_thread_in_vm, id=1512, stack(0x000000c951000000,0x000000c951100000)]

Stack: [0x000000c951000000,0x000000c951100000]
Native frames: (J=compiled Java code, j=interpreted, Vv=VM code, C=native code)
V  [jvm.dll+0x66058a]
V  [jvm.dll+0x7a362f]
V  [jvm.dll+0x7a4cf9]
V  [jvm.dll+0x7a5393]
V  [jvm.dll+0x258f55]
V  [jvm.dll+0x65d8e9]
V  [jvm.dll+0x652495]
V  [jvm.dll+0x31367d]
V  [jvm.dll+0x3134e2]
V  [jvm.dll+0x318116]
V  [jvm.dll+0x360210]
V  [jvm.dll+0x35fc82]
V  [jvm.dll+0x2eed08]
V  [jvm.dll+0x2efe15]
V  [jvm.dll+0x77c687]
V  [jvm.dll+0x77df6f]
V  [jvm.dll+0x36d4b9]
V  [jvm.dll+0x76106f]
V  [jvm.dll+0x3df587]
V  [jvm.dll+0x3e1631]
C  [jli.dll+0x52e7]
C  [ucrtbase.dll+0x29333]
C  [KERNEL32.DLL+0x1257d]
C  [ntdll.dll+0x5af28]


---------------  P R O C E S S  ---------------

Threads class SMR info:
_java_thread_list=0x00000207b9685950, length=0, elements={
}

Java Threads: ( => current thread )

Other Threads:
  0x00000207bb828000 GCTaskThread "GC Thread#0" [stack: 0x000000c951100000,0x000000c951200000] [id=32164]
  0x00000207bb859800 ConcurrentGCThread "G1 Main Marker" [stack: 0x000000c951200000,0x000000c951300000] [id=19072]
  0x00000207bb85b800 ConcurrentGCThread "G1 Conc#0" [stack: 0x000000c951300000,0x000000c951400000] [id=29556]

[error occurred during error reporting (printing all threads), id 0xc0000005, EXCEPTION_ACCESS_VIOLATION (0xc0000005) at pc=0x00007ffff85bf7c7]

VM state:not at safepoint (not fully initialized)

VM Mutex/Monitor currently owned by a thread:  ([mutex/lock_event])
[0x00000207bb810690] Heap_lock - owner thread: 0x00000207bb813000

Heap address: 0x0000000083400000, size: 1996 MB, Compressed Oops mode: Non-zero based: 0x0000000083400000
Narrow klass base: 0x0000000000000000, Narrow klass shift: 0

GC Heap History (0 events):
No events

Deoptimization events (0 events):
No events

Classes redefined (0 events):
No events

Internal exceptions (0 events):
No events

Events (0 events):
No events


Dynamic libraries:
0x00007ff70f070000 - 0x00007ff70f080000 	C:\Program Files\Java\jdk-11\bin\java.exe
0x00007ff862830000 - 0x00007ff862a47000 	C:\WINDOWS\SYSTEM32\ntdll.dll
0x00007ff81fab0000 - 0x00007ff81fac9000 	C:\Program Files\Avast Software\Avast\aswhook.dll
0x00007ff861c40000 - 0x00007ff861d04000 	C:\WINDOWS\System32\KERNEL32.DLL
0x00007ff85fb60000 - 0x00007ff85ff0c000 	C:\WINDOWS\System32\KERNELBASE.dll
0x00007ff8603a0000 - 0x00007ff8604b1000 	C:\WINDOWS\System32\ucrtbase.dll
0x00007ff859090000 - 0x00007ff8590ab000 	C:\Program Files\Java\jdk-11\bin\VCRUNTIME140.dll
0x00007ff85bee0000 - 0x00007ff85bef9000 	C:\Program Files\Java\jdk-11\bin\jli.dll
0x00007ff861d70000 - 0x00007ff861e22000 	C:\WINDOWS\System32\ADVAPI32.dll
0x00007ff860570000 - 0x00007ff860617000 	C:\WINDOWS\System32\msvcrt.dll
0x00007ff8616a0000 - 0x00007ff86174a000 	C:\WINDOWS\System32\sechost.dll
0x00007ff860240000 - 0x00007ff860268000 	C:\WINDOWS\System32\bcrypt.dll
0x00007ff8614c0000 - 0x00007ff8615d5000 	C:\WINDOWS\System32\RPCRT4.dll
0x00007ff862060000 - 0x00007ff86220e000 	C:\WINDOWS\System32\USER32.dll
0x00007ff8604c0000 - 0x00007ff8604e6000 	C:\WINDOWS\System32\win32u.dll
0x00007ff861490000 - 0x00007ff8614b9000 	C:\WINDOWS\System32\GDI32.dll
0x00007ff860120000 - 0x00007ff860239000 	C:\WINDOWS\System32\gdi32full.dll
0x00007ff85ff10000 - 0x00007ff85ffaa000 	C:\WINDOWS\System32\msvcp_win.dll
0x00007ff843770000 - 0x00007ff843a03000 	C:\WINDOWS\WinSxS\amd64_microsoft.windows.common-controls_6595b64144ccf1df_6.0.22621.3672_none_2713b9d173822955\COMCTL32.dll
0x00007ff84bc80000 - 0x00007ff84bc8a000 	C:\WINDOWS\SYSTEM32\VERSION.dll
0x00007ff860fa0000 - 0x00007ff860fd1000 	C:\WINDOWS\System32\IMM32.DLL
0x00007ff859840000 - 0x00007ff85984c000 	C:\Program Files\Java\jdk-11\bin\vcruntime140_1.dll
0x00007ff80a940000 - 0x00007ff80a9ce000 	C:\Program Files\Java\jdk-11\bin\msvcp140.dll
0x00007ffff82c0000 - 0x00007ffff8e2d000 	C:\Program Files\Java\jdk-11\bin\server\jvm.dll
0x00007ff860f90000 - 0x00007ff860f98000 	C:\WINDOWS\System32\PSAPI.DLL
0x00007ff8447b0000 - 0x00007ff8447b9000 	C:\WINDOWS\SYSTEM32\WSOCK32.dll
0x00007ff861fe0000 - 0x00007ff862051000 	C:\WINDOWS\System32\WS2_32.dll
0x00007ff858f70000 - 0x00007ff858fa4000 	C:\WINDOWS\SYSTEM32\WINMM.dll
0x00007ff85eb50000 - 0x00007ff85eb68000 	C:\WINDOWS\SYSTEM32\kernel.appcore.dll
0x00007ff859720000 - 0x00007ff859730000 	C:\Program Files\Java\jdk-11\bin\verify.dll
0x00007ff84ce10000 - 0x00007ff84d042000 	C:\WINDOWS\SYSTEM32\DBGHELP.DLL
0x00007ff861750000 - 0x00007ff861ad8000 	C:\WINDOWS\System32\combase.dll
0x00007ff862240000 - 0x00007ff862317000 	C:\WINDOWS\System32\OLEAUT32.dll
0x00007ff84bf00000 - 0x00007ff84bf32000 	C:\WINDOWS\SYSTEM32\dbgcore.DLL
0x00007ff8604f0000 - 0x00007ff86056b000 	C:\WINDOWS\System32\bcryptPrimitives.dll
0x00007ff856190000 - 0x00007ff8561b8000 	C:\Program Files\Java\jdk-11\bin\java.dll
0x00007ff859310000 - 0x00007ff85931a000 	C:\Program Files\Java\jdk-11\bin\jimage.dll
0x00007ff853d30000 - 0x00007ff853d47000 	C:\Program Files\Java\jdk-11\bin\zip.dll

dbghelp: loaded successfully - version: 4.0.5 - missing functions: none
symbol engine: initialized successfully - sym options: 0x614 - pdb path: .;C:\Program Files\Java\jdk-11\bin;C:\WINDOWS\SYSTEM32;C:\Program Files\Avast Software\Avast;C:\WINDOWS\WinSxS\amd64_microsoft.windows.common-controls_6595b64144ccf1df_6.0.22621.3672_none_2713b9d173822955;C:\Program Files\Java\jdk-11\bin\server

VM Arguments:
jvm_args: -Dfile.encoding=UTF-8 --module-path=C:\Users\prave\OneDrive\Documents\NetBeansProjects\Employee Management System\build\classes 
java_command: employee.management.system.Splash
java_class_path (initial): C:\Users\prave\Downloads\mysql-connector-java-8.0.28;C:\Users\prave\OneDrive\Documents\NetBeansProjects\Employee Management System\build\classes
Launcher Type: SUN_STANDARD

[Global flags]
     intx CICompilerCount                          = 3                                         {product} {ergonomic}
     uint ConcGCThreads                            = 1                                         {product} {ergonomic}
     uint G1ConcRefinementThreads                  = 4                                         {product} {ergonomic}
   size_t G1HeapRegionSize                         = 1048576                                   {product} {ergonomic}
    uintx GCDrainStackTargetSize                   = 64                                        {product} {ergonomic}
   size_t InitialHeapSize                          = 132120576                                 {product} {ergonomic}
   size_t MarkStackSize                            = 4194304                                   {product} {ergonomic}
   size_t MaxHeapSize                              = 2092957696                                {product} {ergonomic}
   size_t MinHeapDeltaBytes                        = 1048576                                   {product} {ergonomic}
    uintx NonNMethodCodeHeapSize                   = 5830732                                {pd product} {ergonomic}
    uintx NonProfiledCodeHeapSize                  = 122913754                              {pd product} {ergonomic}
    uintx ProfiledCodeHeapSize                     = 122913754                              {pd product} {ergonomic}
    uintx ReservedCodeCacheSize                    = 251658240                              {pd product} {ergonomic}
     bool SegmentedCodeCache                       = true                                      {product} {ergonomic}
     bool UseCompressedClassPointers               = true                                 {lp64_product} {ergonomic}
     bool UseCompressedOops                        = true                                 {lp64_product} {ergonomic}
     bool UseG1GC                                  = true                                      {product} {ergonomic}
     bool UseLargePagesIndividualAllocation        = false                                  {pd product} {ergonomic}

Logging:
Log output configuration:
 #0: stdout all=warning uptime,level,tags
 #1: stderr all=off uptime,level,tags

Environment Variables:
PATH=C:\Program Files\Common Files\Oracle\Java\javapath;C:\WINDOWS\system32;C:\WINDOWS;C:\WINDOWS\System32\Wbem;C:\WINDOWS\System32\WindowsPowerShell\v1.0\;C:\WINDOWS\System32\OpenSSH\;C:\Program Files\Git\cmd;C:\Program Files\nodejs\;C:\Users\prave\AppData\Local\Programs\Python\Python312\Scripts\;C:\Users\prave\AppData\Local\Programs\Python\Python312\;C:\Users\prave\AppData\Local\Microsoft\WindowsApps;;C:\Program Files\JetBrains\PyCharm Community Edition 2023.1.4\bin;;C:\Users\prave\AppData\Local\Programs\Microsoft VS Code\bin;C:\Users\prave\AppData\Roaming\npm
USERNAME=prave
OS=Windows_NT
PROCESSOR_IDENTIFIER=Intel64 Family 6 Model 142 Stepping 12, GenuineIntel



---------------  S Y S T E M  ---------------

OS: Windows 11 , 64 bit Build 22621 (10.0.22621.3672)
Hyper-V role detected

CPU:total 4 (initial active 4) (2 cores per cpu, 2 threads per core) family 6 model 142 stepping 12 microcode 0xde, cmov, cx8, fxsr, mmx, sse, sse2, sse3, ssse3, sse4.1, sse4.2, popcnt, avx, avx2, aes, clmul, erms, 3dnowpref, lzcnt, ht, tsc, tscinvbit, bmi1, bmi2, adx, fma

Memory: 4k page, system-wide physical 7979M (369M free)
TotalPageFile size 32555M (AvailPageFile size 52M)
current process WorkingSet (physical memory assigned to process): 11M, peak: 11M
current process commit charge ("private bytes"): 52M, peak: 178M

vm_info: Java HotSpot(TM) 64-Bit Server VM (11.0.21+9-LTS-193) for windows-amd64 JRE (11.0.21+9-LTS-193), built on Sep 13 2023 11:04:38 by "mach5one" with MS VC++ 17.1 (VS2022)

END.
